<?xml version="1.0" encoding="UTF-8"?>
<!-- Generated by org.testng.reporters.JUnitXMLReporter -->
<testsuite hostname="IABLR-LT155" name="Regression-Test" tests="1" failures="1" timestamp="29 Mar 2020 12:13:47 GMT" time="0.03" errors="0">
  <testcase name="sum" time="0.013" classname="assertionPackage.softAssertion">
    <failure type="java.lang.AssertionError" message="The following asserts failed:
	Values not matched expected [21] but found [20],
	asdadsad expected [false] but found [true]">
      <![CDATA[java.lang.AssertionError: The following asserts failed:
	Values not matched expected [21] but found [20],
	asdadsad expected [false] but found [true]
	at assertionPackage.softAssertion.sum(softAssertion.java:20)
... Removed 26 stack frames]]>
    </failure>
  </testcase> <!-- sum -->
</testsuite> <!-- Regression-Test -->
